\BOOKMARK [1][-]{section.1}{\376\377\133\236\232\214\000C\000C\0003\000\040\000\040\123\314\121\111\150\005\155\113\221\317\137\256\137\061\143\057\122\250\117\115\171\373\221\317\133\236\232\214\000\040\000\040\230\204\116\140\142\245\124\112}{}% 1
\BOOKMARK [2][-]{subsection.1.1}{\376\377\133\236\232\214\166\356\166\204}{section.1}% 2
\BOOKMARK [2][-]{subsection.1.2}{\376\377\116\352\126\150\165\050\121\167}{section.1}% 3
\BOOKMARK [2][-]{subsection.1.3}{\376\377\123\237\164\006\151\202\217\360}{section.1}% 4
\BOOKMARK [3][-]{subsubsection.1.3.1}{\376\377\117\115\171\373\121\111\150\005\166\204\131\032\146\156\122\322\230\221\171\373}{subsection.1.3}% 5
\BOOKMARK [3][-]{subsubsection.1.3.2}{\376\377\121\111\142\315\166\204\203\267\137\227\116\016\150\300\155\113}{subsection.1.3}% 6
\BOOKMARK [3][-]{subsubsection.1.3.3}{\376\377\137\256\137\061\143\057\122\250\117\115\171\373\221\317\166\204\150\300\155\113}{subsection.1.3}% 7
\BOOKMARK [2][-]{subsection.1.4}{\376\377\133\236\232\214\122\115\140\035\200\003\230\230}{section.1}% 8
\BOOKMARK [1][-]{section.2}{\376\377\000X\000X\000X\000\040\000\040\000X\000X\000X\000X\000X\000X\000X\000X\000X\000X\000\040\000\040\133\236\232\214\213\260\137\125}{}% 9
\BOOKMARK [2][-]{subsection.2.1}{\376\377\133\236\232\214\121\205\133\271\124\214\153\145\232\244}{section.2}% 10
\BOOKMARK [3][-]{subsubsection.2.1.1}{\376\377\133\236\232\214\116\000\000\040\155\113\221\317\121\111\150\005\136\070\145\160}{subsection.2.1}% 11
\BOOKMARK [3][-]{subsubsection.2.1.2}{\376\377\133\236\232\214\116\214\000\040\155\113\133\232\147\052\167\345\121\111\154\342\154\342\225\177\123\312\211\322\202\162\145\143\163\207\000D}{subsection.2.1}% 12
\BOOKMARK [2][-]{subsection.2.2}{\376\377\133\236\232\214\217\307\172\013\116\055\220\107\122\060\166\204\225\356\230\230\213\260\137\125}{section.2}% 13
\BOOKMARK [1][-]{section.3}{\376\377\000X\000X\000X\000\040\000\040\000X\000X\000X\000X\000X\000X\000X\000X\000X\000X\000\040\000\040\122\006\147\220\116\016\213\250\213\272}{}% 14
\BOOKMARK [2][-]{subsection.3.1}{\376\377\133\236\232\214\145\160\143\156\122\006\147\220}{section.3}% 15
\BOOKMARK [3][-]{subsubsection.3.1.1}{\376\377\133\236\232\214\116\000\000\040\155\113\221\317\121\111\150\005\136\070\145\160}{subsection.3.1}% 16
\BOOKMARK [3][-]{subsubsection.3.1.2}{\376\377\133\236\232\214\116\214\000\040\155\113\133\232\147\052\167\345\121\111\154\342\154\342\225\177\123\312\211\322\202\162\145\143\163\207\000D}{subsection.3.1}% 17
\BOOKMARK [2][-]{subsection.3.2}{\376\377\133\236\232\214\124\016\140\035\200\003\230\230}{section.3}% 18
\BOOKMARK [1][-]{section*.13}{\376\377\123\302\200\003\145\207\163\056}{}% 19
\BOOKMARK [1][-]{section*.14}{\376\377\000A\000p\000p\000e\000n\000d\000i\000c\000e\000s}{}% 20
\BOOKMARK [2][-]{subsection.Alph0.1}{\376\377\116\343\170\001\213\260\137\125}{section*.14}% 21
\BOOKMARK [2][-]{subsection.Alph0.2}{\376\377\136\070\165\050\124\175\116\344\134\125\171\072}{section*.14}% 22
