\BOOKMARK [1][-]{section.1}{\376\377\000D\0004\000\040\000\040\130\136\146\374\145\110\136\224\000\040\000\040\230\204\116\140\142\245\124\112}{}% 1
\BOOKMARK [2][-]{subsection.1.1}{\376\377\133\236\232\214\166\356\166\204}{section.1}% 2
\BOOKMARK [2][-]{subsection.1.2}{\376\377\116\352\126\150\165\050\121\167}{section.1}% 3
\BOOKMARK [2][-]{subsection.1.3}{\376\377\123\237\164\006\151\202\217\360}{section.1}% 4
\BOOKMARK [3][-]{subsubsection.1.3.1}{\376\377\165\065\133\120\166\204\170\301\167\351\040\024\040\024\217\150\220\123\170\301\167\351\124\214\201\352\145\313\170\301\167\351}{subsection.1.3}% 5
\BOOKMARK [3][-]{subsubsection.1.3.2}{\376\377\116\044\116\052\211\322\122\250\221\317\166\204\200\046\124\010\377\010\123\340\122\240\377\011}{subsection.1.3}% 6
\BOOKMARK [3][-]{subsubsection.1.3.3}{\376\377\165\065\133\120\166\204\140\073\170\301\167\351\000\040\123\312\121\166\127\050\131\026\170\301\127\072\116\055\166\204\122\277\200\375}{subsection.1.3}% 7
\BOOKMARK [3][-]{subsubsection.1.3.4}{\376\377\154\136\123\237\133\120\214\061\176\277\127\050\131\026\170\301\127\072\000\040\116\055\166\204\200\375\176\247\122\006\210\302}{subsection.1.3}% 8
\BOOKMARK [3][-]{subsubsection.1.3.5}{\376\377\127\372\147\054\155\113\221\317\116\352\126\150\116\313\176\315}{subsection.1.3}% 9
\BOOKMARK [2][-]{subsection.1.4}{\376\377\133\236\232\214\122\115\140\035\200\003\230\230}{section.1}% 10
\BOOKMARK [1][-]{section.2}{\376\377\000D\0004\000\040\000\040\130\136\146\374\145\110\136\224\000\040\000\040\133\236\232\214\213\260\137\125}{}% 11
\BOOKMARK [2][-]{subsection.2.1}{\376\377\133\236\232\214\121\205\133\271\124\214\153\145\232\244}{section.2}% 12
\BOOKMARK [2][-]{subsection.2.2}{\376\377\133\236\232\214\123\237\131\313\145\160\143\156\213\260\137\125}{section.2}% 13
\BOOKMARK [1][-]{section.3}{\376\377\000D\0004\000\040\000\040\130\136\146\374\145\110\136\224\000\040\000\040\122\006\147\220\116\016\213\250\213\272}{}% 14
\BOOKMARK [2][-]{subsection.3.1}{\376\377\133\236\232\214\145\160\143\156\122\006\147\220}{section.3}% 15
\BOOKMARK [3][-]{subsubsection.3.1.1}{\376\377\122\006\147\220\124\214\213\250\213\272}{subsection.3.1}% 16
\BOOKMARK [2][-]{subsection.3.2}{\376\377\133\236\232\214\124\016\140\035\200\003\230\230}{section.3}% 17
\BOOKMARK [2][-]{subsection.3.3}{\376\377\133\236\232\214\140\073\176\323}{section.3}% 18
\BOOKMARK [3][-]{subsubsection.3.3.1}{\376\377\133\236\232\214\225\356\230\230\140\073\176\323}{subsection.3.3}% 19
\BOOKMARK [3][-]{subsubsection.3.3.2}{\376\377\133\236\232\214\122\006\135\345}{subsection.3.3}% 20
