\BOOKMARK [1][-]{section.1}{\376\377\000C\000B\0002\000\040\000\040\120\117\143\057\121\111\133\236\232\214\000\040\000\040\230\204\116\140\142\245\124\112}{}% 1
\BOOKMARK [2][-]{subsection.1.1}{\376\377\133\236\232\214\166\356\166\204}{section.1}% 2
\BOOKMARK [2][-]{subsection.1.2}{\376\377\116\352\126\150\165\050\121\167}{section.1}% 3
\BOOKMARK [2][-]{subsection.1.3}{\376\377\123\237\164\006\151\202\217\360}{section.1}% 4
\BOOKMARK [3][-]{subsubsection.1.3.1}{\376\377\120\117\143\057\121\111\166\204\116\247\165\037}{subsection.1.3}% 5
\BOOKMARK [3][-]{subsubsection.1.3.2}{\376\377\116\313\215\050\166\204\124\004\124\021\137\002\140\047}{subsection.1.3}% 6
\BOOKMARK [2][-]{subsection.1.4}{\376\377\133\236\232\214\122\115\140\035\200\003\230\230}{section.1}% 7
\BOOKMARK [1][-]{section.2}{\376\377\000C\000B\0002\000\040\000\040\120\117\143\057\121\111\133\236\232\214\000\040\000\040\133\236\232\214\213\260\137\125}{}% 8
\BOOKMARK [2][-]{subsection.2.1}{\376\377\133\236\232\214\121\205\133\271\124\214\153\145\232\244}{section.2}% 9
\BOOKMARK [3][-]{subsubsection.2.1.1}{\376\377\133\236\232\214\116\000\000\040\000\040\170\024\172\166\116\244\123\311\176\277\140\047\120\117\143\057\162\107}{subsection.2.1}% 10
\BOOKMARK [3][-]{subsubsection.2.1.2}{\376\377\133\236\232\214\116\214\000\040\000\040\232\214\213\301\232\154\124\025\145\257\133\232\137\213}{subsection.2.1}% 11
\BOOKMARK [3][-]{subsubsection.2.1.3}{\376\377\133\236\232\214\116\011\000\040\000\040\163\273\164\203\123\315\134\004\215\167\120\117\124\214\136\003\121\022\145\257\162\171\211\322\166\204\155\113\221\317}{subsection.2.1}% 12
\BOOKMARK [3][-]{subsubsection.2.1.4}{\376\377\133\236\232\214\126\333\000\040\000\040\121\111\166\204\145\143\134\004}{subsection.2.1}% 13
\BOOKMARK [3][-]{subsubsection.2.1.5}{\376\377\133\236\232\214\116\224\000\040\000\040\122\006\147\220\000/\0002\154\342\162\107\162\171\140\047}{subsection.2.1}% 14
\BOOKMARK [3][-]{subsubsection.2.1.6}{\376\377\133\236\232\214\121\155\000\040\000\040\122\006\147\220\000/\0004\154\342\162\107\162\171\140\047}{subsection.2.1}% 15
\BOOKMARK [3][-]{subsubsection.2.1.7}{\376\377\133\236\232\214\116\003\000\040\000\040\122\006\147\220\116\044\116\052\000/\0004\154\342\162\107\162\171\140\047}{subsection.2.1}% 16
\BOOKMARK [3][-]{subsubsection.2.1.8}{\376\377\133\236\232\214\121\153\000\040\000\040\170\024\172\166\151\055\127\006\120\117\143\057\121\111\124\214\127\006\120\117\143\057\121\111}{subsection.2.1}% 17
\BOOKMARK [2][-]{subsection.2.2}{\376\377\123\237\131\313\145\160\143\156\213\260\137\125}{section.2}% 18
\BOOKMARK [2][-]{subsection.2.3}{\376\377\133\236\232\214\217\307\172\013\116\055\220\107\122\060\166\204\225\356\230\230\213\260\137\125}{section.2}% 19
\BOOKMARK [1][-]{section.3}{\376\377\000C\000B\0002\000\040\000\040\120\117\143\057\121\111\133\236\232\214\000\040\000\040\122\006\147\220\116\016\213\250\213\272}{}% 20
\BOOKMARK [2][-]{subsection.3.1}{\376\377\133\236\232\214\145\160\143\156\122\006\147\220}{section.3}% 21
\BOOKMARK [3][-]{subsubsection.3.1.1}{\376\377\133\236\232\214\116\000\000\040\000\040\170\024\172\166\116\244\123\311\176\277\140\047\120\117\143\057\162\107}{subsection.3.1}% 22
\BOOKMARK [3][-]{subsubsection.3.1.2}{\376\377\133\236\232\214\116\214\000\040\000\040\232\214\213\301\232\154\124\025\145\257\133\232\137\213}{subsection.3.1}% 23
\BOOKMARK [3][-]{subsubsection.3.1.3}{\376\377\133\236\232\214\116\011\000\040\000\040\163\273\164\203\123\315\134\004\215\167\120\117\124\214\136\003\121\022\145\257\162\171\211\322\166\204\155\113\221\317}{subsection.3.1}% 24
\BOOKMARK [3][-]{subsubsection.3.1.4}{\376\377\133\236\232\214\126\333\000\040\000\040\121\111\166\204\145\143\134\004}{subsection.3.1}% 25
\BOOKMARK [3][-]{subsubsection.3.1.5}{\376\377\133\236\232\214\116\224\000\040\000\040\122\006\147\220\000/\0002\154\342\162\107\162\171\140\047}{subsection.3.1}% 26
\BOOKMARK [3][-]{subsubsection.3.1.6}{\376\377\133\236\232\214\121\155\000\040\000\040\122\006\147\220\000/\0004\154\342\162\107\162\171\140\047}{subsection.3.1}% 27
\BOOKMARK [3][-]{subsubsection.3.1.7}{\376\377\133\236\232\214\116\003\000\040\000\040\122\006\147\220\116\044\116\052\000/\0004\154\342\162\107\162\171\140\047}{subsection.3.1}% 28
\BOOKMARK [3][-]{subsubsection.3.1.8}{\376\377\133\236\232\214\121\153\000\040\000\040\170\024\172\166\151\055\127\006\120\117\143\057\121\111\124\214\127\006\120\117\143\057\121\111}{subsection.3.1}% 29
\BOOKMARK [2][-]{subsection.3.2}{\376\377\133\236\232\214\124\016\140\035\200\003\230\230}{section.3}% 30
