\BOOKMARK [1][-]{section.1}{\376\377\000B\000D\0004\000\040\000\040\000T\000E\000C\000\040\123\112\133\374\117\123\143\247\156\051\133\236\232\214\000\040\000\040\230\204\116\140\142\245\124\112}{}% 1
\BOOKMARK [2][-]{subsection.1.1}{\376\377\133\236\232\214\166\356\166\204}{section.1}% 2
\BOOKMARK [2][-]{subsection.1.2}{\376\377\116\352\126\150\165\050\121\167}{section.1}% 3
\BOOKMARK [2][-]{subsection.1.3}{\376\377\123\237\164\006\151\202\217\360}{section.1}% 4
\BOOKMARK [3][-]{subsubsection.1.3.1}{\376\377\000P\000I\000D\123\315\231\210\143\247\122\066\123\237\164\006}{subsection.1.3}% 5
\BOOKMARK [3][-]{subsubsection.1.3.2}{\376\377\123\112\133\374\117\123\143\247\156\051\123\237\164\006}{subsection.1.3}% 6
\BOOKMARK [3][-]{subsubsection.1.3.3}{\376\377\120\205\221\314\123\366\123\330\143\142\127\372\147\054\123\237\164\006}{subsection.1.3}% 7
\BOOKMARK [2][-]{subsection.1.4}{\376\377\133\236\232\214\122\115\140\035\200\003\230\230}{section.1}% 8
\BOOKMARK [1][-]{section.2}{\376\377\000B\000D\0004\000\040\000\040\000T\000E\000C\000\040\123\112\133\374\117\123\143\247\156\051\133\236\232\214\000\040\000\040\133\236\232\214\213\260\137\125}{}% 9
\BOOKMARK [2][-]{subsection.2.1}{\376\377\133\236\232\214\121\205\133\271\124\214\153\145\232\244}{section.2}% 10
\BOOKMARK [3][-]{subsubsection.2.1.1}{\376\377\217\336\143\245\165\065\215\357\124\214\155\113\213\325}{subsection.2.1}% 11
\BOOKMARK [3][-]{subsubsection.2.1.2}{\376\377\117\177\165\050\000\040\000L\000a\000b\000v\000i\000e\000w\000\040\172\013\136\217\217\333\210\114\143\247\156\051\133\236\232\214}{subsection.2.1}% 12
\BOOKMARK [3][-]{subsubsection.2.1.3}{\376\377\133\236\232\214\116\011\000\040\000\040\201\352\210\114\213\276\213\241\143\247\122\066\172\013\136\217\377\014\122\051\165\050\143\320\117\233\166\204\156\051\136\246\123\330\220\001\126\150\217\333\210\114\156\051\136\246\221\307\226\306\377\014\220\032\217\307\000\040\000m\000y\000D\000A\000Q\166\204\152\041\142\337\165\065\123\213\217\223\121\145\172\357\217\333\210\114\165\065\123\213\221\307\226\306\377\014\137\000\134\125\143\247\156\051\133\236\232\214\377\014\136\166\226\104\122\115\227\142\147\177\124\214\172\013\136\217\150\106\126\376\166\204\142\052\126\376\060\002\134\006\143\247\156\051\166\204\176\323\147\234\124\214\133\236\232\214\121\205\133\271\116\214\377\010\122\051\165\050\000\040\000m\000y\000D\000A\000Q\000\040\145\160\133\127\116\007\165\050\210\150\217\333\210\114\156\051\136\246\221\307\226\306\377\011\166\204\176\323\147\234\217\333\210\114\133\371\153\324\060\002}{subsection.2.1}% 13
\BOOKMARK [2][-]{subsection.2.2}{\376\377\133\236\232\214\145\160\143\156\213\260\137\125}{section.2}% 14
\BOOKMARK [2][-]{subsection.2.3}{\376\377\133\236\232\214\217\307\172\013\116\055\220\107\122\060\166\204\225\356\230\230\213\260\137\125}{section.2}% 15
\BOOKMARK [1][-]{section.3}{\376\377\000B\000D\0004\000\040\000\040\000T\000E\000C\000\040\123\112\133\374\117\123\143\247\156\051\133\236\232\214\000\040\000\040\122\006\147\220\116\016\213\250\213\272}{}% 16
\BOOKMARK [2][-]{subsection.3.1}{\376\377\133\236\232\214\145\160\143\156\122\006\147\220}{section.3}% 17
\BOOKMARK [3][-]{subsubsection.3.1.1}{\376\377\143\247\156\051\176\323\147\234\117\134\126\376\134\125\171\072}{subsection.3.1}% 18
\BOOKMARK [3][-]{subsubsection.3.1.2}{\376\377\122\006\147\220\124\214\213\250\213\272}{subsection.3.1}% 19
\BOOKMARK [2][-]{subsection.3.2}{\376\377\133\236\232\214\124\016\140\035\200\003\230\230}{section.3}% 20
